find_library: checking for -lndtypes... -------------------- yes

"gcc -o conftest -I/home/sameer/.rvm/rubies/ruby-2.4.1/include/ruby-2.4.0/x86_64-linux -I/home/sameer/.rvm/rubies/ruby-2.4.1/include/ruby-2.4.0/ruby/backward -I/home/sameer/.rvm/rubies/ruby-2.4.1/include/ruby-2.4.0 -I../../../../ext/ruby_gumath    -O3 -fno-fast-math -ggdb3 -Wall -Wextra -Wno-unused-parameter -Wno-parentheses -Wno-long-long -Wno-missing-field-initializers -Wno-tautological-compare -Wno-parentheses-equality -Wno-constant-logical-operand -Wno-self-assign -Wunused-variable -Wimplicit-int -Wpointer-arith -Wwrite-strings -Wdeclaration-after-statement -Wimplicit-function-declaration -Wdeprecated-declarations -Wno-packed-bitfield-compat -Wsuggest-attribute=noreturn -Wsuggest-attribute=format -Wno-maybe-uninitialized  -fPIC conftest.c  -L. -L/home/sameer/.rvm/rubies/ruby-2.4.1/lib -Wl,-R/home/sameer/.rvm/rubies/ruby-2.4.1/lib -L. -fstack-protector -rdynamic -Wl,-export-dynamic     -Wl,-R/home/sameer/.rvm/rubies/ruby-2.4.1/lib -L/home/sameer/.rvm/rubies/ruby-2.4.1/lib -lruby  -lpthread -lgmp -ldl -lcrypt -lm   -lc"
checked program was:
/* begin */
1: #include "ruby.h"
2: 
3: int main(int argc, char **argv)
4: {
5:   return 0;
6: }
/* end */

"gcc -o conftest -I/home/sameer/.rvm/rubies/ruby-2.4.1/include/ruby-2.4.0/x86_64-linux -I/home/sameer/.rvm/rubies/ruby-2.4.1/include/ruby-2.4.0/ruby/backward -I/home/sameer/.rvm/rubies/ruby-2.4.1/include/ruby-2.4.0 -I../../../../ext/ruby_gumath    -O3 -fno-fast-math -ggdb3 -Wall -Wextra -Wno-unused-parameter -Wno-parentheses -Wno-long-long -Wno-missing-field-initializers -Wno-tautological-compare -Wno-parentheses-equality -Wno-constant-logical-operand -Wno-self-assign -Wunused-variable -Wimplicit-int -Wpointer-arith -Wwrite-strings -Wdeclaration-after-statement -Wimplicit-function-declaration -Wdeprecated-declarations -Wno-packed-bitfield-compat -Wsuggest-attribute=noreturn -Wsuggest-attribute=format -Wno-maybe-uninitialized  -fPIC conftest.c  -L. -L/home/sameer/.rvm/rubies/ruby-2.4.1/lib -Wl,-R/home/sameer/.rvm/rubies/ruby-2.4.1/lib -L. -fstack-protector -rdynamic -Wl,-export-dynamic     -Wl,-R/home/sameer/.rvm/rubies/ruby-2.4.1/lib -L/home/sameer/.rvm/rubies/ruby-2.4.1/lib -lruby -lndtypes  -lpthread -lgmp -ldl -lcrypt -lm   -lc"
/usr/bin/ld: cannot find -lndtypes
collect2: error: ld returned 1 exit status
checked program was:
/* begin */
 1: #include "ruby.h"
 2: 
 3: /*top*/
 4: extern int t(void);
 5: int main(int argc, char **argv)
 6: {
 7:   if (argc > 1000000) {
 8:     printf("%p", &t);
 9:   }
10: 
11:   return 0;
12: }
13: 
14: int t(void) { ; return 0; }
/* end */

"gcc -o conftest -I/home/sameer/.rvm/rubies/ruby-2.4.1/include/ruby-2.4.0/x86_64-linux -I/home/sameer/.rvm/rubies/ruby-2.4.1/include/ruby-2.4.0/ruby/backward -I/home/sameer/.rvm/rubies/ruby-2.4.1/include/ruby-2.4.0 -I../../../../ext/ruby_gumath    -O3 -fno-fast-math -ggdb3 -Wall -Wextra -Wno-unused-parameter -Wno-parentheses -Wno-long-long -Wno-missing-field-initializers -Wno-tautological-compare -Wno-parentheses-equality -Wno-constant-logical-operand -Wno-self-assign -Wunused-variable -Wimplicit-int -Wpointer-arith -Wwrite-strings -Wdeclaration-after-statement -Wimplicit-function-declaration -Wdeprecated-declarations -Wno-packed-bitfield-compat -Wsuggest-attribute=noreturn -Wsuggest-attribute=format -Wno-maybe-uninitialized  -fPIC conftest.c  -L. -L/home/sameer/.rvm/rubies/ruby-2.4.1/lib -Wl,-R/home/sameer/.rvm/rubies/ruby-2.4.1/lib -L/home/sameer/gitrepos/plures-ruby/build/lib/ -Wl,-R/home/sameer/gitrepos/plures-ruby/build/lib/ -L. -fstack-protector -rdynamic -Wl,-export-dynamic     -Wl,-R/home/sameer/.rvm/rubies/ruby-2.4.1/lib -L/home/sameer/.rvm/rubies/ruby-2.4.1/lib -lruby -lndtypes  -lpthread -lgmp -ldl -lcrypt -lm   -lc"
checked program was:
/* begin */
 1: #include "ruby.h"
 2: 
 3: /*top*/
 4: extern int t(void);
 5: int main(int argc, char **argv)
 6: {
 7:   if (argc > 1000000) {
 8:     printf("%p", &t);
 9:   }
10: 
11:   return 0;
12: }
13: 
14: int t(void) { ; return 0; }
/* end */

--------------------

have_library: checking for -lndtypes... -------------------- yes

"gcc -o conftest -I/home/sameer/.rvm/rubies/ruby-2.4.1/include/ruby-2.4.0/x86_64-linux -I/home/sameer/.rvm/rubies/ruby-2.4.1/include/ruby-2.4.0/ruby/backward -I/home/sameer/.rvm/rubies/ruby-2.4.1/include/ruby-2.4.0 -I../../../../ext/ruby_gumath    -O3 -fno-fast-math -ggdb3 -Wall -Wextra -Wno-unused-parameter -Wno-parentheses -Wno-long-long -Wno-missing-field-initializers -Wno-tautological-compare -Wno-parentheses-equality -Wno-constant-logical-operand -Wno-self-assign -Wunused-variable -Wimplicit-int -Wpointer-arith -Wwrite-strings -Wdeclaration-after-statement -Wimplicit-function-declaration -Wdeprecated-declarations -Wno-packed-bitfield-compat -Wsuggest-attribute=noreturn -Wsuggest-attribute=format -Wno-maybe-uninitialized  -fPIC conftest.c  -L. -L/home/sameer/.rvm/rubies/ruby-2.4.1/lib -Wl,-R/home/sameer/.rvm/rubies/ruby-2.4.1/lib -L/home/sameer/gitrepos/plures-ruby/build/lib/ -Wl,-R/home/sameer/gitrepos/plures-ruby/build/lib/ -L. -fstack-protector -rdynamic -Wl,-export-dynamic    -lndtypes  -Wl,-R/home/sameer/.rvm/rubies/ruby-2.4.1/lib -L/home/sameer/.rvm/rubies/ruby-2.4.1/lib -lruby -lndtypes -lndtypes  -lpthread -lgmp -ldl -lcrypt -lm   -lc"
checked program was:
/* begin */
 1: #include "ruby.h"
 2: 
 3: /*top*/
 4: extern int t(void);
 5: int main(int argc, char **argv)
 6: {
 7:   if (argc > 1000000) {
 8:     printf("%p", &t);
 9:   }
10: 
11:   return 0;
12: }
13: 
14: int t(void) { ; return 0; }
/* end */

--------------------

find_library: checking for -lxnd... -------------------- yes

"gcc -o conftest -I/home/sameer/.rvm/rubies/ruby-2.4.1/include/ruby-2.4.0/x86_64-linux -I/home/sameer/.rvm/rubies/ruby-2.4.1/include/ruby-2.4.0/ruby/backward -I/home/sameer/.rvm/rubies/ruby-2.4.1/include/ruby-2.4.0 -I../../../../ext/ruby_gumath    -O3 -fno-fast-math -ggdb3 -Wall -Wextra -Wno-unused-parameter -Wno-parentheses -Wno-long-long -Wno-missing-field-initializers -Wno-tautological-compare -Wno-parentheses-equality -Wno-constant-logical-operand -Wno-self-assign -Wunused-variable -Wimplicit-int -Wpointer-arith -Wwrite-strings -Wdeclaration-after-statement -Wimplicit-function-declaration -Wdeprecated-declarations -Wno-packed-bitfield-compat -Wsuggest-attribute=noreturn -Wsuggest-attribute=format -Wno-maybe-uninitialized  -fPIC conftest.c  -L. -L/home/sameer/.rvm/rubies/ruby-2.4.1/lib -Wl,-R/home/sameer/.rvm/rubies/ruby-2.4.1/lib -L/home/sameer/gitrepos/plures-ruby/build/lib/ -Wl,-R/home/sameer/gitrepos/plures-ruby/build/lib/ -L. -fstack-protector -rdynamic -Wl,-export-dynamic    -lndtypes -lndtypes  -Wl,-R/home/sameer/.rvm/rubies/ruby-2.4.1/lib -L/home/sameer/.rvm/rubies/ruby-2.4.1/lib -lruby -lxnd -lndtypes -lndtypes  -lpthread -lgmp -ldl -lcrypt -lm   -lc"
checked program was:
/* begin */
 1: #include "ruby.h"
 2: 
 3: /*top*/
 4: extern int t(void);
 5: int main(int argc, char **argv)
 6: {
 7:   if (argc > 1000000) {
 8:     printf("%p", &t);
 9:   }
10: 
11:   return 0;
12: }
13: 
14: int t(void) { ; return 0; }
/* end */

--------------------

have_library: checking for -lxnd... -------------------- yes

"gcc -o conftest -I/home/sameer/.rvm/rubies/ruby-2.4.1/include/ruby-2.4.0/x86_64-linux -I/home/sameer/.rvm/rubies/ruby-2.4.1/include/ruby-2.4.0/ruby/backward -I/home/sameer/.rvm/rubies/ruby-2.4.1/include/ruby-2.4.0 -I../../../../ext/ruby_gumath    -O3 -fno-fast-math -ggdb3 -Wall -Wextra -Wno-unused-parameter -Wno-parentheses -Wno-long-long -Wno-missing-field-initializers -Wno-tautological-compare -Wno-parentheses-equality -Wno-constant-logical-operand -Wno-self-assign -Wunused-variable -Wimplicit-int -Wpointer-arith -Wwrite-strings -Wdeclaration-after-statement -Wimplicit-function-declaration -Wdeprecated-declarations -Wno-packed-bitfield-compat -Wsuggest-attribute=noreturn -Wsuggest-attribute=format -Wno-maybe-uninitialized  -fPIC conftest.c  -L. -L/home/sameer/.rvm/rubies/ruby-2.4.1/lib -Wl,-R/home/sameer/.rvm/rubies/ruby-2.4.1/lib -L/home/sameer/gitrepos/plures-ruby/build/lib/ -Wl,-R/home/sameer/gitrepos/plures-ruby/build/lib/ -L. -fstack-protector -rdynamic -Wl,-export-dynamic    -lxnd -lndtypes -lndtypes  -Wl,-R/home/sameer/.rvm/rubies/ruby-2.4.1/lib -L/home/sameer/.rvm/rubies/ruby-2.4.1/lib -lruby -lxnd -lxnd -lndtypes -lndtypes  -lpthread -lgmp -ldl -lcrypt -lm   -lc"
checked program was:
/* begin */
 1: #include "ruby.h"
 2: 
 3: /*top*/
 4: extern int t(void);
 5: int main(int argc, char **argv)
 6: {
 7:   if (argc > 1000000) {
 8:     printf("%p", &t);
 9:   }
10: 
11:   return 0;
12: }
13: 
14: int t(void) { ; return 0; }
/* end */

--------------------

find_library: checking for -lgumath... -------------------- no

"gcc -o conftest -I/home/sameer/.rvm/rubies/ruby-2.4.1/include/ruby-2.4.0/x86_64-linux -I/home/sameer/.rvm/rubies/ruby-2.4.1/include/ruby-2.4.0/ruby/backward -I/home/sameer/.rvm/rubies/ruby-2.4.1/include/ruby-2.4.0 -I../../../../ext/ruby_gumath    -O3 -fno-fast-math -ggdb3 -Wall -Wextra -Wno-unused-parameter -Wno-parentheses -Wno-long-long -Wno-missing-field-initializers -Wno-tautological-compare -Wno-parentheses-equality -Wno-constant-logical-operand -Wno-self-assign -Wunused-variable -Wimplicit-int -Wpointer-arith -Wwrite-strings -Wdeclaration-after-statement -Wimplicit-function-declaration -Wdeprecated-declarations -Wno-packed-bitfield-compat -Wsuggest-attribute=noreturn -Wsuggest-attribute=format -Wno-maybe-uninitialized  -fPIC conftest.c  -L. -L/home/sameer/.rvm/rubies/ruby-2.4.1/lib -Wl,-R/home/sameer/.rvm/rubies/ruby-2.4.1/lib -L/home/sameer/gitrepos/plures-ruby/build/lib/ -Wl,-R/home/sameer/gitrepos/plures-ruby/build/lib/ -L. -fstack-protector -rdynamic -Wl,-export-dynamic    -lxnd -lxnd -lndtypes -lndtypes  -Wl,-R/home/sameer/.rvm/rubies/ruby-2.4.1/lib -L/home/sameer/.rvm/rubies/ruby-2.4.1/lib -lruby -lgumath -lxnd -lxnd -lndtypes -lndtypes  -lpthread -lgmp -ldl -lcrypt -lm   -lc"
/home/sameer/gitrepos/plures-ruby/build/lib//libgumath.so: undefined reference to `PyFloat_FromDouble'
/home/sameer/gitrepos/plures-ruby/build/lib//libgumath.so: undefined reference to `PyErr_Occurred'
/home/sameer/gitrepos/plures-ruby/build/lib//libgumath.so: undefined reference to `PyFloat_AsDouble'
collect2: error: ld returned 1 exit status
checked program was:
/* begin */
 1: #include "ruby.h"
 2: 
 3: /*top*/
 4: extern int t(void);
 5: int main(int argc, char **argv)
 6: {
 7:   if (argc > 1000000) {
 8:     printf("%p", &t);
 9:   }
10: 
11:   return 0;
12: }
13: 
14: int t(void) { ; return 0; }
/* end */

"gcc -o conftest -I/home/sameer/.rvm/rubies/ruby-2.4.1/include/ruby-2.4.0/x86_64-linux -I/home/sameer/.rvm/rubies/ruby-2.4.1/include/ruby-2.4.0/ruby/backward -I/home/sameer/.rvm/rubies/ruby-2.4.1/include/ruby-2.4.0 -I../../../../ext/ruby_gumath    -O3 -fno-fast-math -ggdb3 -Wall -Wextra -Wno-unused-parameter -Wno-parentheses -Wno-long-long -Wno-missing-field-initializers -Wno-tautological-compare -Wno-parentheses-equality -Wno-constant-logical-operand -Wno-self-assign -Wunused-variable -Wimplicit-int -Wpointer-arith -Wwrite-strings -Wdeclaration-after-statement -Wimplicit-function-declaration -Wdeprecated-declarations -Wno-packed-bitfield-compat -Wsuggest-attribute=noreturn -Wsuggest-attribute=format -Wno-maybe-uninitialized  -fPIC conftest.c  -L. -L/home/sameer/.rvm/rubies/ruby-2.4.1/lib -Wl,-R/home/sameer/.rvm/rubies/ruby-2.4.1/lib -L/home/sameer/gitrepos/plures-ruby/build/lib/ -Wl,-R/home/sameer/gitrepos/plures-ruby/build/lib/ -L. -fstack-protector -rdynamic -Wl,-export-dynamic    -lxnd -lxnd -lndtypes -lndtypes  -Wl,-R/home/sameer/.rvm/rubies/ruby-2.4.1/lib -L/home/sameer/.rvm/rubies/ruby-2.4.1/lib -lruby -lgumath -lxnd -lxnd -lndtypes -lndtypes  -lpthread -lgmp -ldl -lcrypt -lm   -lc"
/home/sameer/gitrepos/plures-ruby/build/lib//libgumath.so: undefined reference to `PyFloat_FromDouble'
/home/sameer/gitrepos/plures-ruby/build/lib//libgumath.so: undefined reference to `PyErr_Occurred'
/home/sameer/gitrepos/plures-ruby/build/lib//libgumath.so: undefined reference to `PyFloat_AsDouble'
collect2: error: ld returned 1 exit status
checked program was:
/* begin */
 1: #include "ruby.h"
 2: 
 3: /*top*/
 4: extern int t(void);
 5: int main(int argc, char **argv)
 6: {
 7:   if (argc > 1000000) {
 8:     printf("%p", &t);
 9:   }
10: 
11:   return 0;
12: }
13: 
14: int t(void) { ; return 0; }
/* end */

--------------------

have_library: checking for -lgumath... -------------------- no

"gcc -o conftest -I/home/sameer/.rvm/rubies/ruby-2.4.1/include/ruby-2.4.0/x86_64-linux -I/home/sameer/.rvm/rubies/ruby-2.4.1/include/ruby-2.4.0/ruby/backward -I/home/sameer/.rvm/rubies/ruby-2.4.1/include/ruby-2.4.0 -I../../../../ext/ruby_gumath    -O3 -fno-fast-math -ggdb3 -Wall -Wextra -Wno-unused-parameter -Wno-parentheses -Wno-long-long -Wno-missing-field-initializers -Wno-tautological-compare -Wno-parentheses-equality -Wno-constant-logical-operand -Wno-self-assign -Wunused-variable -Wimplicit-int -Wpointer-arith -Wwrite-strings -Wdeclaration-after-statement -Wimplicit-function-declaration -Wdeprecated-declarations -Wno-packed-bitfield-compat -Wsuggest-attribute=noreturn -Wsuggest-attribute=format -Wno-maybe-uninitialized  -fPIC conftest.c  -L. -L/home/sameer/.rvm/rubies/ruby-2.4.1/lib -Wl,-R/home/sameer/.rvm/rubies/ruby-2.4.1/lib -L/home/sameer/gitrepos/plures-ruby/build/lib/ -Wl,-R/home/sameer/gitrepos/plures-ruby/build/lib/ -L. -fstack-protector -rdynamic -Wl,-export-dynamic    -lxnd -lxnd -lndtypes -lndtypes  -Wl,-R/home/sameer/.rvm/rubies/ruby-2.4.1/lib -L/home/sameer/.rvm/rubies/ruby-2.4.1/lib -lruby -lgumath -lxnd -lxnd -lndtypes -lndtypes  -lpthread -lgmp -ldl -lcrypt -lm   -lc"
/home/sameer/gitrepos/plures-ruby/build/lib//libgumath.so: undefined reference to `PyFloat_FromDouble'
/home/sameer/gitrepos/plures-ruby/build/lib//libgumath.so: undefined reference to `PyErr_Occurred'
/home/sameer/gitrepos/plures-ruby/build/lib//libgumath.so: undefined reference to `PyFloat_AsDouble'
collect2: error: ld returned 1 exit status
checked program was:
/* begin */
 1: #include "ruby.h"
 2: 
 3: /*top*/
 4: extern int t(void);
 5: int main(int argc, char **argv)
 6: {
 7:   if (argc > 1000000) {
 8:     printf("%p", &t);
 9:   }
10: 
11:   return 0;
12: }
13: 
14: int t(void) { ; return 0; }
/* end */

--------------------

find_header: checking for ndtypes.h in /home/sameer/gitrepos/plures-ruby/build/include... -------------------- yes

"gcc -E -I/home/sameer/.rvm/rubies/ruby-2.4.1/include/ruby-2.4.0/x86_64-linux -I/home/sameer/.rvm/rubies/ruby-2.4.1/include/ruby-2.4.0/ruby/backward -I/home/sameer/.rvm/rubies/ruby-2.4.1/include/ruby-2.4.0 -I../../../../ext/ruby_gumath    -O3 -fno-fast-math -ggdb3 -Wall -Wextra -Wno-unused-parameter -Wno-parentheses -Wno-long-long -Wno-missing-field-initializers -Wno-tautological-compare -Wno-parentheses-equality -Wno-constant-logical-operand -Wno-self-assign -Wunused-variable -Wimplicit-int -Wpointer-arith -Wwrite-strings -Wdeclaration-after-statement -Wimplicit-function-declaration -Wdeprecated-declarations -Wno-packed-bitfield-compat -Wsuggest-attribute=noreturn -Wsuggest-attribute=format -Wno-maybe-uninitialized  -fPIC  conftest.c -o conftest.i"
conftest.c:3:21: fatal error: ndtypes.h: No such file or directory
 #include <ndtypes.h>
                     ^
compilation terminated.
checked program was:
/* begin */
1: #include "ruby.h"
2: 
3: #include <ndtypes.h>
/* end */

"gcc -E -I/home/sameer/.rvm/rubies/ruby-2.4.1/include/ruby-2.4.0/x86_64-linux -I/home/sameer/.rvm/rubies/ruby-2.4.1/include/ruby-2.4.0/ruby/backward -I/home/sameer/.rvm/rubies/ruby-2.4.1/include/ruby-2.4.0 -I../../../../ext/ruby_gumath    -O3 -fno-fast-math -ggdb3 -Wall -Wextra -Wno-unused-parameter -Wno-parentheses -Wno-long-long -Wno-missing-field-initializers -Wno-tautological-compare -Wno-parentheses-equality -Wno-constant-logical-operand -Wno-self-assign -Wunused-variable -Wimplicit-int -Wpointer-arith -Wwrite-strings -Wdeclaration-after-statement -Wimplicit-function-declaration -Wdeprecated-declarations -Wno-packed-bitfield-compat -Wsuggest-attribute=noreturn -Wsuggest-attribute=format -Wno-maybe-uninitialized  -fPIC -I/home/sameer/gitrepos/plures-ruby/build/include conftest.c -o conftest.i"
checked program was:
/* begin */
1: #include "ruby.h"
2: 
3: #include <ndtypes.h>
/* end */

--------------------

have_header: checking for ndtypes.h... -------------------- yes

"gcc -E -I/home/sameer/.rvm/rubies/ruby-2.4.1/include/ruby-2.4.0/x86_64-linux -I/home/sameer/.rvm/rubies/ruby-2.4.1/include/ruby-2.4.0/ruby/backward -I/home/sameer/.rvm/rubies/ruby-2.4.1/include/ruby-2.4.0 -I../../../../ext/ruby_gumath -I/home/sameer/gitrepos/plures-ruby/build/include    -O3 -fno-fast-math -ggdb3 -Wall -Wextra -Wno-unused-parameter -Wno-parentheses -Wno-long-long -Wno-missing-field-initializers -Wno-tautological-compare -Wno-parentheses-equality -Wno-constant-logical-operand -Wno-self-assign -Wunused-variable -Wimplicit-int -Wpointer-arith -Wwrite-strings -Wdeclaration-after-statement -Wimplicit-function-declaration -Wdeprecated-declarations -Wno-packed-bitfield-compat -Wsuggest-attribute=noreturn -Wsuggest-attribute=format -Wno-maybe-uninitialized  -fPIC  conftest.c -o conftest.i"
checked program was:
/* begin */
1: #include "ruby.h"
2: 
3: #include <ndtypes.h>
/* end */

--------------------

find_header: checking for xnd.h in /home/sameer/gitrepos/plures-ruby/build/include... -------------------- yes

"gcc -E -I/home/sameer/.rvm/rubies/ruby-2.4.1/include/ruby-2.4.0/x86_64-linux -I/home/sameer/.rvm/rubies/ruby-2.4.1/include/ruby-2.4.0/ruby/backward -I/home/sameer/.rvm/rubies/ruby-2.4.1/include/ruby-2.4.0 -I../../../../ext/ruby_gumath -I/home/sameer/gitrepos/plures-ruby/build/include    -O3 -fno-fast-math -ggdb3 -Wall -Wextra -Wno-unused-parameter -Wno-parentheses -Wno-long-long -Wno-missing-field-initializers -Wno-tautological-compare -Wno-parentheses-equality -Wno-constant-logical-operand -Wno-self-assign -Wunused-variable -Wimplicit-int -Wpointer-arith -Wwrite-strings -Wdeclaration-after-statement -Wimplicit-function-declaration -Wdeprecated-declarations -Wno-packed-bitfield-compat -Wsuggest-attribute=noreturn -Wsuggest-attribute=format -Wno-maybe-uninitialized  -fPIC  conftest.c -o conftest.i"
checked program was:
/* begin */
1: #include "ruby.h"
2: 
3: #include <xnd.h>
/* end */

--------------------

have_header: checking for xnd.h... -------------------- yes

"gcc -E -I/home/sameer/.rvm/rubies/ruby-2.4.1/include/ruby-2.4.0/x86_64-linux -I/home/sameer/.rvm/rubies/ruby-2.4.1/include/ruby-2.4.0/ruby/backward -I/home/sameer/.rvm/rubies/ruby-2.4.1/include/ruby-2.4.0 -I../../../../ext/ruby_gumath -I/home/sameer/gitrepos/plures-ruby/build/include    -O3 -fno-fast-math -ggdb3 -Wall -Wextra -Wno-unused-parameter -Wno-parentheses -Wno-long-long -Wno-missing-field-initializers -Wno-tautological-compare -Wno-parentheses-equality -Wno-constant-logical-operand -Wno-self-assign -Wunused-variable -Wimplicit-int -Wpointer-arith -Wwrite-strings -Wdeclaration-after-statement -Wimplicit-function-declaration -Wdeprecated-declarations -Wno-packed-bitfield-compat -Wsuggest-attribute=noreturn -Wsuggest-attribute=format -Wno-maybe-uninitialized  -fPIC  conftest.c -o conftest.i"
checked program was:
/* begin */
1: #include "ruby.h"
2: 
3: #include <xnd.h>
/* end */

--------------------

find_header: checking for gumath.h in /home/sameer/gitrepos/plures-ruby/build/include... -------------------- yes

"gcc -E -I/home/sameer/.rvm/rubies/ruby-2.4.1/include/ruby-2.4.0/x86_64-linux -I/home/sameer/.rvm/rubies/ruby-2.4.1/include/ruby-2.4.0/ruby/backward -I/home/sameer/.rvm/rubies/ruby-2.4.1/include/ruby-2.4.0 -I../../../../ext/ruby_gumath -I/home/sameer/gitrepos/plures-ruby/build/include    -O3 -fno-fast-math -ggdb3 -Wall -Wextra -Wno-unused-parameter -Wno-parentheses -Wno-long-long -Wno-missing-field-initializers -Wno-tautological-compare -Wno-parentheses-equality -Wno-constant-logical-operand -Wno-self-assign -Wunused-variable -Wimplicit-int -Wpointer-arith -Wwrite-strings -Wdeclaration-after-statement -Wimplicit-function-declaration -Wdeprecated-declarations -Wno-packed-bitfield-compat -Wsuggest-attribute=noreturn -Wsuggest-attribute=format -Wno-maybe-uninitialized  -fPIC  conftest.c -o conftest.i"
checked program was:
/* begin */
1: #include "ruby.h"
2: 
3: #include <gumath.h>
/* end */

--------------------

have_header: checking for gumath.h... -------------------- yes

"gcc -E -I/home/sameer/.rvm/rubies/ruby-2.4.1/include/ruby-2.4.0/x86_64-linux -I/home/sameer/.rvm/rubies/ruby-2.4.1/include/ruby-2.4.0/ruby/backward -I/home/sameer/.rvm/rubies/ruby-2.4.1/include/ruby-2.4.0 -I../../../../ext/ruby_gumath -I/home/sameer/gitrepos/plures-ruby/build/include    -O3 -fno-fast-math -ggdb3 -Wall -Wextra -Wno-unused-parameter -Wno-parentheses -Wno-long-long -Wno-missing-field-initializers -Wno-tautological-compare -Wno-parentheses-equality -Wno-constant-logical-operand -Wno-self-assign -Wunused-variable -Wimplicit-int -Wpointer-arith -Wwrite-strings -Wdeclaration-after-statement -Wimplicit-function-declaration -Wdeprecated-declarations -Wno-packed-bitfield-compat -Wsuggest-attribute=noreturn -Wsuggest-attribute=format -Wno-maybe-uninitialized  -fPIC  conftest.c -o conftest.i"
checked program was:
/* begin */
1: #include "ruby.h"
2: 
3: #include <gumath.h>
/* end */

--------------------

find_header: checking for ruby_ndtypes.h in /home/sameer/gitrepos/plures-ruby/build/include... -------------------- yes

"gcc -E -I/home/sameer/.rvm/rubies/ruby-2.4.1/include/ruby-2.4.0/x86_64-linux -I/home/sameer/.rvm/rubies/ruby-2.4.1/include/ruby-2.4.0/ruby/backward -I/home/sameer/.rvm/rubies/ruby-2.4.1/include/ruby-2.4.0 -I../../../../ext/ruby_gumath -I/home/sameer/gitrepos/plures-ruby/build/include    -O3 -fno-fast-math -ggdb3 -Wall -Wextra -Wno-unused-parameter -Wno-parentheses -Wno-long-long -Wno-missing-field-initializers -Wno-tautological-compare -Wno-parentheses-equality -Wno-constant-logical-operand -Wno-self-assign -Wunused-variable -Wimplicit-int -Wpointer-arith -Wwrite-strings -Wdeclaration-after-statement -Wimplicit-function-declaration -Wdeprecated-declarations -Wno-packed-bitfield-compat -Wsuggest-attribute=noreturn -Wsuggest-attribute=format -Wno-maybe-uninitialized  -fPIC  conftest.c -o conftest.i"
checked program was:
/* begin */
1: #include "ruby.h"
2: 
3: #include <ruby_ndtypes.h>
/* end */

--------------------

have_header: checking for ruby_ndtypes.h... -------------------- yes

"gcc -E -I/home/sameer/.rvm/rubies/ruby-2.4.1/include/ruby-2.4.0/x86_64-linux -I/home/sameer/.rvm/rubies/ruby-2.4.1/include/ruby-2.4.0/ruby/backward -I/home/sameer/.rvm/rubies/ruby-2.4.1/include/ruby-2.4.0 -I../../../../ext/ruby_gumath -I/home/sameer/gitrepos/plures-ruby/build/include    -O3 -fno-fast-math -ggdb3 -Wall -Wextra -Wno-unused-parameter -Wno-parentheses -Wno-long-long -Wno-missing-field-initializers -Wno-tautological-compare -Wno-parentheses-equality -Wno-constant-logical-operand -Wno-self-assign -Wunused-variable -Wimplicit-int -Wpointer-arith -Wwrite-strings -Wdeclaration-after-statement -Wimplicit-function-declaration -Wdeprecated-declarations -Wno-packed-bitfield-compat -Wsuggest-attribute=noreturn -Wsuggest-attribute=format -Wno-maybe-uninitialized  -fPIC  conftest.c -o conftest.i"
checked program was:
/* begin */
1: #include "ruby.h"
2: 
3: #include <ruby_ndtypes.h>
/* end */

--------------------

find_header: checking for ruby_xnd.h in /home/sameer/gitrepos/plures-ruby/build/include... -------------------- yes

"gcc -E -I/home/sameer/.rvm/rubies/ruby-2.4.1/include/ruby-2.4.0/x86_64-linux -I/home/sameer/.rvm/rubies/ruby-2.4.1/include/ruby-2.4.0/ruby/backward -I/home/sameer/.rvm/rubies/ruby-2.4.1/include/ruby-2.4.0 -I../../../../ext/ruby_gumath -I/home/sameer/gitrepos/plures-ruby/build/include    -O3 -fno-fast-math -ggdb3 -Wall -Wextra -Wno-unused-parameter -Wno-parentheses -Wno-long-long -Wno-missing-field-initializers -Wno-tautological-compare -Wno-parentheses-equality -Wno-constant-logical-operand -Wno-self-assign -Wunused-variable -Wimplicit-int -Wpointer-arith -Wwrite-strings -Wdeclaration-after-statement -Wimplicit-function-declaration -Wdeprecated-declarations -Wno-packed-bitfield-compat -Wsuggest-attribute=noreturn -Wsuggest-attribute=format -Wno-maybe-uninitialized  -fPIC  conftest.c -o conftest.i"
checked program was:
/* begin */
1: #include "ruby.h"
2: 
3: #include <ruby_xnd.h>
/* end */

--------------------

have_header: checking for ruby_xnd.h... -------------------- yes

"gcc -E -I/home/sameer/.rvm/rubies/ruby-2.4.1/include/ruby-2.4.0/x86_64-linux -I/home/sameer/.rvm/rubies/ruby-2.4.1/include/ruby-2.4.0/ruby/backward -I/home/sameer/.rvm/rubies/ruby-2.4.1/include/ruby-2.4.0 -I../../../../ext/ruby_gumath -I/home/sameer/gitrepos/plures-ruby/build/include    -O3 -fno-fast-math -ggdb3 -Wall -Wextra -Wno-unused-parameter -Wno-parentheses -Wno-long-long -Wno-missing-field-initializers -Wno-tautological-compare -Wno-parentheses-equality -Wno-constant-logical-operand -Wno-self-assign -Wunused-variable -Wimplicit-int -Wpointer-arith -Wwrite-strings -Wdeclaration-after-statement -Wimplicit-function-declaration -Wdeprecated-declarations -Wno-packed-bitfield-compat -Wsuggest-attribute=noreturn -Wsuggest-attribute=format -Wno-maybe-uninitialized  -fPIC  conftest.c -o conftest.i"
checked program was:
/* begin */
1: #include "ruby.h"
2: 
3: #include <ruby_xnd.h>
/* end */

--------------------

